<?xml version="1.0" encoding="UTF-8"?>
<!-- Generated by org.testng.reporters.JUnitReportReporter -->
<testsuite skipped="0" hostname="DESKTOP-91SC5HS" name="runner.TestRunner" tests="1" failures="0" timestamp="02 May 2019 03:41:17 GMT" time="17.827" errors="0">
  <testcase name="feature" time="17.827" classname="runner.TestRunner"/>
</testsuite> <!-- runner.TestRunner -->
